TN:
SF:src/AppRoutes.tsx
FN:5,AppRoutes
FNF:1
FNH:1
FNDA:1,AppRoutes
DA:6,1
LF:1
LH:1
BRF:0
BRH:0
end_of_record
TN:
SF:src/main.tsx
FNF:0
FNH:0
DA:6,0
DA:7,0
DA:8,0
LF:3
LH:0
BRDA:7,0,0,0
BRDA:7,0,1,0
BRF:2
BRH:0
end_of_record
TN:
SF:src/components/card/card.tsx
FN:10,(anonymous_0)
FN:14,(anonymous_1)
FNF:2
FNH:2
FNDA:3,(anonymous_0)
FNDA:2,(anonymous_1)
DA:10,2
DA:11,3
DA:14,2
LF:3
LH:3
BRF:0
BRH:0
end_of_record
TN:
SF:src/components/cardlist/cardlist.tsx
FN:11,(anonymous_0)
FN:19,(anonymous_1)
FNF:2
FNH:2
FNDA:7,(anonymous_0)
FNDA:2,(anonymous_1)
DA:11,2
DA:12,7
DA:13,4
DA:16,3
DA:20,2
LF:5
LH:5
BRDA:12,0,0,4
BRDA:12,0,1,3
BRDA:18,1,0,1
BRDA:18,1,1,2
BRF:4
BRH:4
end_of_record
TN:
SF:src/components/details/details.tsx
FN:11,(anonymous_0)
FN:17,(anonymous_1)
FN:19,(anonymous_2)
FN:32,handleClose
FNF:4
FNH:4
FNDA:7,(anonymous_0)
FNDA:4,(anonymous_1)
FNDA:3,(anonymous_2)
FNDA:1,handleClose
DA:11,2
DA:12,7
DA:17,7
DA:18,4
DA:19,3
DA:20,3
DA:21,2
DA:23,3
DA:27,7
DA:28,2
DA:31,5
DA:33,1
DA:36,5
LF:13
LH:13
BRDA:18,0,0,3
BRDA:18,0,1,1
BRDA:27,1,0,2
BRDA:27,1,1,5
BRDA:45,2,0,5
BRDA:45,2,1,2
BRF:6
BRH:6
end_of_record
TN:
SF:src/components/loader/loder.tsx
FN:3,Loader
FNF:1
FNH:1
FNDA:2,Loader
DA:4,2
LF:1
LH:1
BRF:0
BRH:0
end_of_record
TN:
SF:src/components/mainPage/MainPage.tsx
FN:13,(anonymous_0)
FN:21,(anonymous_1)
FN:30,(anonymous_2)
FN:35,(anonymous_3)
FN:51,(anonymous_4)
FN:62,(anonymous_5)
FN:66,(anonymous_6)
FN:71,handleClick
FNF:8
FNH:6
FNDA:3,(anonymous_0)
FNDA:1,(anonymous_1)
FNDA:1,(anonymous_2)
FNDA:1,(anonymous_3)
FNDA:1,(anonymous_4)
FNDA:2,(anonymous_5)
FNDA:0,(anonymous_6)
FNDA:0,handleClick
DA:13,1
DA:14,3
DA:15,3
DA:16,3
DA:17,3
DA:18,3
DA:19,3
DA:21,3
DA:22,1
DA:23,1
DA:24,1
DA:26,1
DA:27,1
DA:30,3
DA:31,1
DA:32,1
DA:35,3
DA:36,1
DA:37,1
DA:38,1
DA:42,0
DA:43,0
DA:45,0
DA:47,0
DA:51,3
DA:52,1
DA:53,1
DA:54,1
DA:55,0
DA:57,1
DA:59,1
DA:62,3
DA:63,2
DA:66,3
DA:67,0
DA:68,0
DA:72,0
DA:73,0
DA:76,3
LF:39
LH:30
BRDA:26,0,0,0
BRDA:26,0,1,1
BRDA:27,1,0,0
BRDA:27,1,1,1
BRDA:54,2,0,0
BRDA:54,2,1,1
BRDA:84,3,0,2
BRDA:84,3,1,1
BRF:8
BRH:5
end_of_record
TN:
SF:src/components/nofound/nofound.tsx
FN:2,(anonymous_0)
FNF:1
FNH:1
FNDA:1,(anonymous_0)
DA:2,1
DA:3,1
LF:2
LH:2
BRF:0
BRH:0
end_of_record
TN:
SF:src/components/pagination/pagination.tsx
FN:10,(anonymous_0)
FN:15,(anonymous_1)
FN:21,(anonymous_2)
FNF:3
FNH:1
FNDA:1,(anonymous_0)
FNDA:0,(anonymous_1)
FNDA:0,(anonymous_2)
DA:10,1
DA:15,1
DA:16,0
DA:17,0
DA:21,1
DA:22,0
DA:23,0
DA:27,1
DA:41,1
LF:9
LH:5
BRDA:16,0,0,0
BRDA:16,0,1,0
BRDA:22,1,0,0
BRDA:22,1,1,0
BRF:4
BRH:0
end_of_record
TN:
SF:src/components/search/search.tsx
FN:10,(anonymous_0)
FN:13,(anonymous_1)
FN:17,(anonymous_2)
FN:21,(anonymous_3)
FNF:4
FNH:4
FNDA:5,(anonymous_0)
FNDA:5,(anonymous_1)
FNDA:1,(anonymous_2)
FNDA:1,(anonymous_3)
DA:10,2
DA:11,5
DA:13,5
DA:14,5
DA:17,5
DA:18,1
DA:21,5
DA:22,1
DA:25,5
LF:9
LH:9
BRF:0
BRH:0
end_of_record
TN:
SF:src/components/search-button/search-button.tsx
FN:7,(anonymous_0)
FNF:1
FNH:1
FNDA:5,(anonymous_0)
DA:7,2
DA:8,5
LF:2
LH:2
BRF:0
BRH:0
end_of_record
